<?xml version="1.0" encoding="UTF-8"?>
<!-- Generated by org.testng.reporters.JUnitReportReporter -->
<testsuite hostname="ATMECSINDT-012" failures="0" tests="1" name="com.falcon.qa.testcases.ViewPageTest" time="70.156" errors="0" timestamp="2019-08-06T13:06:31 IST" skipped="0">
  <testcase classname="com.falcon.qa.testcases.ViewPageTest" name="verifyResultCountByToggle" time="70.156"/>
</testsuite> <!-- com.falcon.qa.testcases.ViewPageTest -->
