<?xml version="1.0" encoding="UTF-8"?>
<!-- Generated by org.testng.reporters.JUnitReportReporter -->
<testsuite hostname="ATMECSINDT-012" failures="0" tests="2" name="com.falcon.qa.testcases.DashboardPageTest" time="77.924" errors="0" timestamp="2019-08-06T13:06:31 IST" skipped="0">
  <testcase classname="com.falcon.qa.testcases.DashboardPageTest" name="verifyProductlinkTest" time="37.666"/>
  <testcase classname="com.falcon.qa.testcases.DashboardPageTest" name="clickonLinkByNameTest" time="40.258"/>
</testsuite> <!-- com.falcon.qa.testcases.DashboardPageTest -->
